<?xml version="1.0" encoding="UTF-8"?>
<!-- Generated by org.testng.reporters.JUnitXMLReporter -->
<testsuite hostname="Lenovo-PC" ignored="1" name="Test" tests="3" failures="0" timestamp="27 Oct 2018 07:17:51 GMT" time="0.255" errors="0">
  <testcase name="test1" time="0.059" classname="TestNGGroup.group"/>
  <testcase name="test2" time="0.008" classname="TestNGGroup.group"/>
  <testcase name="test3" time="0.008" classname="TestNGGroup.group"/>
  <testcase name="test4" time="0.0" classname="TestNGGroup.group">
    <ignored/>
  </testcase> <!-- test4 -->
</testsuite> <!-- Test -->
