<?xml version="1.0" encoding="UTF-8"?>
<testng-results skipped="0" failed="0" ignored="0" total="2" passed="2">
  <reporter-output>
  </reporter-output>
  <suite name="Default suite" duration-ms="289" started-at="2018-10-27T10:13:49Z" finished-at="2018-10-27T10:13:49Z">
    <groups>
    </groups>
    <test name="Default test" duration-ms="289" started-at="2018-10-27T10:13:49Z" finished-at="2018-10-27T10:13:49Z">
      <class name="TestngDependsOnDemo.Dependson">
        <test-method status="PASS" signature="test2()[pri:2, instance:TestngDependsOnDemo.Dependson@523884b2]" name="test2" duration-ms="69" started-at="2018-10-27T10:13:49Z" finished-at="2018-10-27T10:13:49Z">
          <reporter-output>
          </reporter-output>
        </test-method> <!-- test2 -->
        <test-method status="PASS" signature="test1()[pri:1, instance:TestngDependsOnDemo.Dependson@523884b2]" name="test1" duration-ms="6" started-at="2018-10-27T10:13:49Z" depends-on-methods="TestngDependsOnDemo.Dependson.test2" finished-at="2018-10-27T10:13:49Z">
          <reporter-output>
          </reporter-output>
        </test-method> <!-- test1 -->
      </class> <!-- TestngDependsOnDemo.Dependson -->
    </test> <!-- Default test -->
  </suite> <!-- Default suite -->
</testng-results>
