<?xml version="1.0" encoding="UTF-8"?>
<!-- Generated by org.testng.reporters.JUnitXMLReporter -->
<testsuite hostname="Lenovo-PC" ignored="0" name="Default test" tests="4" failures="0" timestamp="27 Oct 2018 05:42:36 GMT" time="0.278" errors="0">
  <testcase name="one" time="0.052" classname="TestNGPriority.SetPriority"/>
  <testcase name="three" time="0.01" classname="TestNGPriority.SetPriority"/>
  <testcase name="four" time="0.004" classname="TestNGPriority.SetPriority"/>
  <testcase name="two" time="0.017" classname="TestNGPriority.SetPriority"/>
</testsuite> <!-- Default test -->
